Сборка начата 18.02.2018 20:38:59.
     1>Проект "C:\Users\1\Documents\Visual Studio 2013\Projects\OpenGL\OpenGL\OpenGL.vcxproj" в узле 2 (целевые объекты Build).
     1>ClCompile:
         C:\Program Files (x86)\Microsoft Visual Studio 12.0\VC\bin\CL.exe /c /I"C:\Users\1\Documents\Visual Studio 2013\Projects\OpenGL\Dependencies\GLFW\include" /I"C:\Users\1\Documents\Visual Studio 2013\Projects\OpenGL\Dependencies\GLEW\include" /Zi /nologo /W3 /WX- /sdl /O2 /Oi /Oy- /GL /D GLEW_STATIC /D _MBCS /Gm- /EHsc /MT /GS /Gy /fp:precise /Zc:wchar_t /Zc:forScope /Fo"Release\\" /Fd"Release\vc120.pdb" /Gd /TP /analyze- /errorReport:prompt src\Application.cpp src\IndexBuffer.cpp src\mylib.cpp src\Renderer.cpp src\Shader.cpp src\VertexArray.cpp src\VertexBuffer.cpp
         Application.cpp
     1>src\Application.cpp(67): warning C4305: аргумент: усечение из "double" к "float"
     1>src\Application.cpp(89): warning C4305: аргумент: усечение из "double" к "float"
         IndexBuffer.cpp
         mylib.cpp
     1>src\mylib.cpp(5): warning C4018: <: несоответствие типов со знаком и без знака
     1>src\mylib.cpp(11): warning C4018: <: несоответствие типов со знаком и без знака
         Renderer.cpp
         Shader.cpp
         VertexArray.cpp
         VertexBuffer.cpp
       Link:
         C:\Program Files (x86)\Microsoft Visual Studio 12.0\VC\bin\link.exe /ERRORREPORT:PROMPT /OUT:"C:\Users\1\Documents\Visual Studio 2013\Projects\OpenGL\Release\OpenGL.exe" /NOLOGO /LIBPATH:"C:\Users\1\Documents\Visual Studio 2013\Projects\OpenGL\Dependencies\GLFW\lib-vc2013" /LIBPATH:"C:\Users\1\Documents\Visual Studio 2013\Projects\OpenGL\Dependencies\GLEW\lib\Release\Win32" glew32s.lib glfw3.lib opengl32.lib User32.lib Gdi32.lib Shell32.lib /NODEFAULTLIB:libcmt.lib /MANIFEST /MANIFESTUAC:"level='asInvoker' uiAccess='false'" /manifest:embed /DEBUG /PDB:"C:\Users\1\Documents\Visual Studio 2013\Projects\OpenGL\Release\OpenGL.pdb" /OPT:REF /OPT:ICF /LTCG /TLBID:1 /DYNAMICBASE /NXCOMPAT /IMPLIB:"C:\Users\1\Documents\Visual Studio 2013\Projects\OpenGL\Release\OpenGL.lib" /MACHINE:X86 /SAFESEH Release\Application.obj
         Release\IndexBuffer.obj
         Release\mylib.obj
         Release\Renderer.obj
         Release\Shader.obj
         Release\VertexArray.obj
         Release\VertexBuffer.obj
         Создание кода
         Создание кода завершено
     1>glew32s.lib(glew.obj) : warning LNK4099: "vc120.pdb" PDB не найден с "glew32s.lib(glew.obj)" или на "C:\Users\1\Documents\Visual Studio 2013\Projects\OpenGL\Release\vc120.pdb"; компоновка объекта выполняется как при отсутствии отладочных данных
         OpenGL.vcxproj -> C:\Users\1\Documents\Visual Studio 2013\Projects\OpenGL\Release\OpenGL.exe
     1>Сборка проекта "C:\Users\1\Documents\Visual Studio 2013\Projects\OpenGL\OpenGL\OpenGL.vcxproj" завершена (целевые объекты Build).

Сборка успешно завершена.

Затраченное время: 00:00:09.02
